<?xml version="1.0" encoding="UTF-8"?>
<testsuite xmlns:xsi="http://www.w3.org/2001/XMLSchema-instance" xsi:noNamespaceSchemaLocation="https://maven.apache.org/surefire/maven-surefire-plugin/xsd/surefire-test-report.xsd" version="3.0.2" name="centro_deporte.CentroDeporteTest" time="0.203" tests="5" errors="0" skipped="0" failures="0">
  <properties>
[...]
</properties>
  <testcase name="modificarDeporteTest" classname="centro_deporte.CentroDeporteTest" time="0.153">
    <system-out><![CDATA[INICIO DE LAS PRUEBAS
]]></system-out>
  </testcase>
  <testcase name="obtenerDeportesTest" classname="centro_deporte.CentroDeporteTest" time="0.002"/>
  <testcase name="obtenerDeportesPorLetraTest" classname="centro_deporte.CentroDeporteTest" time="0.003"/>
  <testcase name="eliminarDeporteTest" classname="centro_deporte.CentroDeporteTest" time="0.001"/>
  <testcase name="crearDeporteTest" classname="centro_deporte.CentroDeporteTest" time="0.002"/>
</testsuite>